2025-10-14T11:31:39.881+03:00  INFO 3216 --- [hotel-management] [main] com.justine.HotelManagementApplication   : Starting HotelManagementApplication using Java 17.0.14 with PID 3216 (F:\Backend\hotel-management\target\classes started by Riocool in F:\Backend\hotel-management)
2025-10-14T11:31:39.989+03:00  INFO 3216 --- [hotel-management] [main] com.justine.HotelManagementApplication   : No active profile set, falling back to 1 default profile: "default"
2025-10-14T11:31:51.705+03:00  INFO 3216 --- [hotel-management] [main] .s.d.r.c.RepositoryConfigurationDelegate : Bootstrapping Spring Data JPA repositories in DEFAULT mode.
2025-10-14T11:31:52.126+03:00  INFO 3216 --- [hotel-management] [main] .s.d.r.c.RepositoryConfigurationDelegate : Finished Spring Data repository scanning in 397 ms. Found 13 JPA repository interfaces.
2025-10-14T11:31:56.080+03:00  INFO 3216 --- [hotel-management] [main] o.s.b.w.embedded.tomcat.TomcatWebServer  : Tomcat initialized with port 8080 (http)
2025-10-14T11:31:56.174+03:00  INFO 3216 --- [hotel-management] [main] o.apache.catalina.core.StandardService   : Starting service [Tomcat]
2025-10-14T11:31:56.174+03:00  INFO 3216 --- [hotel-management] [main] o.apache.catalina.core.StandardEngine    : Starting Servlet engine: [Apache Tomcat/10.1.44]
2025-10-14T11:31:56.449+03:00  INFO 3216 --- [hotel-management] [main] o.a.c.c.C.[Tomcat].[localhost].[/]       : Initializing Spring embedded WebApplicationContext
2025-10-14T11:31:56.449+03:00  INFO 3216 --- [hotel-management] [main] w.s.c.ServletWebServerApplicationContext : Root WebApplicationContext: initialization completed in 15647 ms
2025-10-14T11:31:57.189+03:00  INFO 3216 --- [hotel-management] [main] o.hibernate.jpa.internal.util.LogHelper  : HHH000204: Processing PersistenceUnitInfo [name: default]
2025-10-14T11:31:57.495+03:00  INFO 3216 --- [hotel-management] [main] org.hibernate.Version                    : HHH000412: Hibernate ORM core version 6.6.26.Final
2025-10-14T11:31:57.734+03:00  INFO 3216 --- [hotel-management] [main] o.h.c.internal.RegionFactoryInitiator    : HHH000026: Second-level cache disabled
2025-10-14T11:31:59.317+03:00  INFO 3216 --- [hotel-management] [main] o.s.o.j.p.SpringPersistenceUnitInfo      : No LoadTimeWeaver setup: ignoring JPA class transformer
2025-10-14T11:31:59.457+03:00  INFO 3216 --- [hotel-management] [main] com.zaxxer.hikari.HikariDataSource       : HikariCP - Starting...
2025-10-14T11:32:10.048+03:00  INFO 3216 --- [hotel-management] [main] com.zaxxer.hikari.pool.HikariPool        : HikariCP - Added connection com.mysql.cj.jdbc.ConnectionImpl@5342eec5
2025-10-14T11:32:10.189+03:00  INFO 3216 --- [hotel-management] [main] com.zaxxer.hikari.HikariDataSource       : HikariCP - Start completed.
2025-10-14T11:32:13.019+03:00  INFO 3216 --- [hotel-management] [main] org.hibernate.orm.connections.pooling    : HHH10001005: Database info:
	Database JDBC URL [Connecting through datasource 'HikariDataSource (HikariCP)']
	Database driver: undefined/unknown
	Database version: 8.0.42
	Autocommit mode: undefined/unknown
	Isolation level: undefined/unknown
	Minimum pool size: undefined/unknown
	Maximum pool size: undefined/unknown
2025-10-14T11:32:27.142+03:00  INFO 3216 --- [hotel-management] [main] o.h.e.t.j.p.i.JtaPlatformInitiator       : HHH000489: No JTA platform available (set 'hibernate.transaction.jta.platform' to enable JTA platform integration)
2025-10-14T11:32:36.241+03:00  INFO 3216 --- [hotel-management] [main] j.LocalContainerEntityManagerFactoryBean : Initialized JPA EntityManagerFactory for persistence unit 'default'
2025-10-14T11:32:49.818+03:00  INFO 3216 --- [hotel-management] [main] o.s.d.j.r.query.QueryEnhancerFactory     : Hibernate is in classpath; If applicable, HQL parser will be used.
2025-10-14T11:32:57.998+03:00  WARN 3216 --- [hotel-management] [main] JpaBaseConfiguration$JpaWebConfiguration : spring.jpa.open-in-view is enabled by default. Therefore, database queries may be performed during view rendering. Explicitly configure spring.jpa.open-in-view to disable this warning
2025-10-14T11:32:58.498+03:00  INFO 3216 --- [hotel-management] [main] r$InitializeUserDetailsManagerConfigurer : Global AuthenticationManager configured with UserDetailsService bean with name customUserDetailsService
2025-10-14T11:33:07.033+03:00  INFO 3216 --- [hotel-management] [main] o.s.b.w.embedded.tomcat.TomcatWebServer  : Tomcat started on port 8080 (http) with context path '/'
2025-10-14T11:33:07.049+03:00  INFO 3216 --- [hotel-management] [main] com.justine.HotelManagementApplication   : Started HotelManagementApplication in 94.839 seconds (process running for 98.623)
2025-10-14T11:33:20.790+03:00  INFO 3216 --- [hotel-management] [SpringApplicationShutdownHook] o.s.b.w.e.tomcat.GracefulShutdown        : Commencing graceful shutdown. Waiting for active requests to complete
2025-10-14T11:33:21.055+03:00  INFO 3216 --- [hotel-management] [tomcat-shutdown] o.s.b.w.e.tomcat.GracefulShutdown        : Graceful shutdown complete
2025-10-14T11:33:21.806+03:00  INFO 3216 --- [hotel-management] [SpringApplicationShutdownHook] j.LocalContainerEntityManagerFactoryBean : Closing JPA EntityManagerFactory for persistence unit 'default'
2025-10-14T11:33:22.212+03:00  INFO 3216 --- [hotel-management] [SpringApplicationShutdownHook] com.zaxxer.hikari.HikariDataSource       : HikariCP - Shutdown initiated...
2025-10-14T11:33:24.580+03:00  INFO 3216 --- [hotel-management] [SpringApplicationShutdownHook] com.zaxxer.hikari.HikariDataSource       : HikariCP - Shutdown completed.
